<?xml version="1.0" encoding="UTF-8"?>
<coverage generated="1501106815983" clover="3.2.0">
  <project timestamp="1501106815984" name="All files">
    <metrics statements="49" coveredstatements="13" conditionals="2" coveredconditionals="0" methods="26" coveredmethods="5" elements="77" coveredelements="18" complexity="0" loc="49" ncloc="49" packages="3" files="7" classes="7">
      <package name="components">
        <metrics statements="23" coveredstatements="12" conditionals="0" coveredconditionals="0" methods="14" coveredmethods="5"/>
        <file name="main_page.js" path="/Users/won/src/video-project/video_browser/client/src/components/main_page.js">
          <metrics statements="9" coveredstatements="7" conditionals="0" coveredconditionals="0" methods="6" coveredmethods="3"/>
          <line num="13" count="1" type="stmt"/>
          <line num="15" count="1" type="stmt"/>
          <line num="20" count="1" type="stmt"/>
          <line num="25" count="1" type="stmt"/>
          <line num="26" count="0" type="stmt"/>
          <line num="34" count="1" type="stmt"/>
          <line num="35" count="1" type="stmt"/>
          <line num="37" count="1" type="stmt"/>
          <line num="43" count="0" type="stmt"/>
        </file>
        <file name="search_bar.js" path="/Users/won/src/video-project/video_browser/client/src/components/search_bar.js">
          <metrics statements="6" coveredstatements="3" conditionals="0" coveredconditionals="0" methods="4" coveredmethods="2"/>
          <line num="5" count="1" type="stmt"/>
          <line num="6" count="1" type="stmt"/>
          <line num="10" count="1" type="stmt"/>
          <line num="23" count="0" type="stmt"/>
          <line num="31" count="0" type="stmt"/>
          <line num="32" count="0" type="stmt"/>
        </file>
        <file name="video_list.js" path="/Users/won/src/video-project/video_browser/client/src/components/video_list.js">
          <metrics statements="4" coveredstatements="1" conditionals="0" coveredconditionals="0" methods="2" coveredmethods="0"/>
          <line num="4" count="2" type="stmt"/>
          <line num="5" count="0" type="stmt"/>
          <line num="6" count="0" type="stmt"/>
          <line num="15" count="0" type="stmt"/>
        </file>
        <file name="video_list_item.js" path="/Users/won/src/video-project/video_browser/client/src/components/video_list_item.js">
          <metrics statements="4" coveredstatements="1" conditionals="0" coveredconditionals="0" methods="2" coveredmethods="0"/>
          <line num="3" count="2" type="stmt"/>
          <line num="4" count="0" type="stmt"/>
          <line num="6" count="0" type="stmt"/>
          <line num="7" count="0" type="stmt"/>
        </file>
      </package>
      <package name="modules.createVideo">
        <metrics statements="25" coveredstatements="0" conditionals="2" coveredconditionals="0" methods="12" coveredmethods="0"/>
        <file name="videoActions.js" path="/Users/won/src/video-project/video_browser/client/src/modules/createVideo/videoActions.js">
          <metrics statements="7" coveredstatements="0" conditionals="0" coveredconditionals="0" methods="6" coveredmethods="0"/>
          <line num="6" count="0" type="stmt"/>
          <line num="7" count="0" type="stmt"/>
          <line num="9" count="0" type="stmt"/>
          <line num="10" count="0" type="stmt"/>
          <line num="13" count="0" type="stmt"/>
          <line num="19" count="0" type="stmt"/>
          <line num="26" count="0" type="stmt"/>
        </file>
        <file name="video_detail.js" path="/Users/won/src/video-project/video_browser/client/src/modules/createVideo/video_detail.js">
          <metrics statements="18" coveredstatements="0" conditionals="2" coveredconditionals="0" methods="6" coveredmethods="0"/>
          <line num="10" count="0" type="stmt"/>
          <line num="14" count="0" type="stmt"/>
          <line num="15" count="0" type="stmt"/>
          <line num="16" count="0" type="stmt"/>
          <line num="17" count="0" type="stmt"/>
          <line num="18" count="0" type="stmt"/>
          <line num="19" count="0" type="stmt"/>
          <line num="26" count="0" type="stmt"/>
          <line num="30" count="0" type="stmt"/>
          <line num="39" count="0" type="stmt"/>
          <line num="50" count="0" type="stmt"/>
          <line num="51" count="0" type="cond" truecount="0" falsecount="2"/>
          <line num="52" count="0" type="stmt"/>
          <line num="54" count="0" type="stmt"/>
          <line num="55" count="0" type="stmt"/>
          <line num="57" count="0" type="stmt"/>
          <line num="61" count="0" type="stmt"/>
          <line num="68" count="0" type="stmt"/>
        </file>
      </package>
      <package name="utils">
        <metrics statements="1" coveredstatements="1" conditionals="0" coveredconditionals="0" methods="0" coveredmethods="0"/>
        <file name="variables.client.js" path="/Users/won/src/video-project/video_browser/client/src/utils/variables.client.js">
          <metrics statements="1" coveredstatements="1" conditionals="0" coveredconditionals="0" methods="0" coveredmethods="0"/>
          <line num="1" count="2" type="stmt"/>
        </file>
      </package>
    </metrics>
  </project>
</coverage>
