{"/Users/won/src/video-project/video_browser/client/src/components/main_page.js": {"path":"/Users/won/src/video-project/video_browser/client/src/components/main_page.js","statementMap":{"0":{"start":{"line":13,"column":4},"end":{"line":13,"column":17}},"1":{"start":{"line":15,"column":4},"end":{"line":18,"column":6}},"2":{"start":{"line":20,"column":4},"end":{"line":20,"column":39}},"3":{"start":{"line":25,"column":4},"end":{"line":30,"column":7}},"4":{"start":{"line":26,"column":6},"end":{"line":29,"column":9}},"5":{"start":{"line":34,"column":24},"end":{"line":34,"column":77}},"6":{"start":{"line":34,"column":47},"end":{"line":34,"column":69}},"7":{"start":{"line":35,"column":38},"end":{"line":35,"column":48}},"8":{"start":{"line":37,"column":4},"end":{"line":48,"column":6}},"9":{"start":{"line":43,"column":46},"end":{"line":43,"column":76}}},"fnMap":{"0":{"name":"(anonymous_0)","decl":{"start":{"line":12,"column":2},"end":{"line":12,"column":3}},"loc":{"start":{"line":12,"column":21},"end":{"line":21,"column":3}},"line":12},"1":{"name":"(anonymous_1)","decl":{"start":{"line":24,"column":2},"end":{"line":24,"column":3}},"loc":{"start":{"line":24,"column":20},"end":{"line":31,"column":3}},"line":24},"2":{"name":"(anonymous_2)","decl":{"start":{"line":25,"column":67},"end":{"line":25,"column":68}},"loc":{"start":{"line":25,"column":79},"end":{"line":30,"column":5}},"line":25},"3":{"name":"(anonymous_3)","decl":{"start":{"line":33,"column":2},"end":{"line":33,"column":3}},"loc":{"start":{"line":33,"column":11},"end":{"line":49,"column":3}},"line":33},"4":{"name":"(anonymous_4)","decl":{"start":{"line":34,"column":35},"end":{"line":34,"column":36}},"loc":{"start":{"line":34,"column":45},"end":{"line":34,"column":71}},"line":34},"5":{"name":"(anonymous_5)","decl":{"start":{"line":43,"column":29},"end":{"line":43,"column":30}},"loc":{"start":{"line":43,"column":46},"end":{"line":43,"column":76}},"line":43}},"branchMap":{},"s":{"0":1,"1":1,"2":1,"3":1,"4":0,"5":1,"6":0,"7":1,"8":1,"9":0},"f":{"0":1,"1":1,"2":0,"3":1,"4":0,"5":0},"b":{},"_coverageSchema":"332fd63041d2c1bcb487cc26dd0d5f7d97098a6c","hash":"0fd3b60c744301e8fd25e2512c90f7492d497b4b"}
,"/Users/won/src/video-project/video_browser/client/src/components/search_bar.js": {"path":"/Users/won/src/video-project/video_browser/client/src/components/search_bar.js","statementMap":{"0":{"start":{"line":5,"column":4},"end":{"line":5,"column":17}},"1":{"start":{"line":6,"column":4},"end":{"line":6,"column":30}},"2":{"start":{"line":10,"column":4},"end":{"line":27,"column":6}},"3":{"start":{"line":23,"column":31},"end":{"line":23,"column":69}},"4":{"start":{"line":31,"column":4},"end":{"line":31,"column":26}},"5":{"start":{"line":32,"column":4},"end":{"line":32,"column":40}}},"fnMap":{"0":{"name":"(anonymous_0)","decl":{"start":{"line":4,"column":2},"end":{"line":4,"column":3}},"loc":{"start":{"line":4,"column":21},"end":{"line":7,"column":3}},"line":4},"1":{"name":"(anonymous_1)","decl":{"start":{"line":9,"column":2},"end":{"line":9,"column":3}},"loc":{"start":{"line":9,"column":11},"end":{"line":28,"column":3}},"line":9},"2":{"name":"(anonymous_2)","decl":{"start":{"line":23,"column":22},"end":{"line":23,"column":23}},"loc":{"start":{"line":23,"column":31},"end":{"line":23,"column":69}},"line":23},"3":{"name":"(anonymous_3)","decl":{"start":{"line":30,"column":2},"end":{"line":30,"column":3}},"loc":{"start":{"line":30,"column":22},"end":{"line":33,"column":3}},"line":30}},"branchMap":{},"s":{"0":1,"1":1,"2":1,"3":0,"4":0,"5":0},"f":{"0":1,"1":1,"2":0,"3":0},"b":{},"_coverageSchema":"332fd63041d2c1bcb487cc26dd0d5f7d97098a6c","hash":"575f688994c658d7fd5b0972d324cd3ad571caa5"}
,"/Users/won/src/video-project/video_browser/client/src/components/video_list.js": {"path":"/Users/won/src/video-project/video_browser/client/src/components/video_list.js","statementMap":{"0":{"start":{"line":4,"column":18},"end":{"line":20,"column":1}},"1":{"start":{"line":5,"column":21},"end":{"line":13,"column":4}},"2":{"start":{"line":6,"column":4},"end":{"line":12,"column":6}},"3":{"start":{"line":15,"column":2},"end":{"line":19,"column":4}}},"fnMap":{"0":{"name":"(anonymous_0)","decl":{"start":{"line":4,"column":18},"end":{"line":4,"column":19}},"loc":{"start":{"line":4,"column":29},"end":{"line":20,"column":1}},"line":4},"1":{"name":"(anonymous_1)","decl":{"start":{"line":5,"column":38},"end":{"line":5,"column":39}},"loc":{"start":{"line":5,"column":49},"end":{"line":13,"column":3}},"line":5}},"branchMap":{},"s":{"0":2,"1":0,"2":0,"3":0},"f":{"0":0,"1":0},"b":{},"_coverageSchema":"332fd63041d2c1bcb487cc26dd0d5f7d97098a6c","hash":"23ac8e49291a134b083a074af3bf6499053e7bac"}
,"/Users/won/src/video-project/video_browser/client/src/components/video_list_item.js": {"path":"/Users/won/src/video-project/video_browser/client/src/components/video_list_item.js","statementMap":{"0":{"start":{"line":3,"column":22},"end":{"line":18,"column":1}},"1":{"start":{"line":4,"column":19},"end":{"line":4,"column":55}},"2":{"start":{"line":6,"column":2},"end":{"line":17,"column":4}},"3":{"start":{"line":7,"column":23},"end":{"line":7,"column":43}}},"fnMap":{"0":{"name":"(anonymous_0)","decl":{"start":{"line":3,"column":22},"end":{"line":3,"column":23}},"loc":{"start":{"line":3,"column":50},"end":{"line":18,"column":1}},"line":3},"1":{"name":"(anonymous_1)","decl":{"start":{"line":7,"column":17},"end":{"line":7,"column":18}},"loc":{"start":{"line":7,"column":23},"end":{"line":7,"column":43}},"line":7}},"branchMap":{},"s":{"0":2,"1":0,"2":0,"3":0},"f":{"0":0,"1":0},"b":{},"_coverageSchema":"332fd63041d2c1bcb487cc26dd0d5f7d97098a6c","hash":"dd7ca94c964a369dafc105cc606da6eca4adc97f"}
,"/Users/won/src/video-project/video_browser/client/src/modules/createVideo/videoActions.js": {"path":"/Users/won/src/video-project/video_browser/client/src/modules/createVideo/videoActions.js","statementMap":{"0":{"start":{"line":6,"column":4},"end":{"line":15,"column":6}},"1":{"start":{"line":7,"column":6},"end":{"line":14,"column":8}},"2":{"start":{"line":9,"column":8},"end":{"line":9,"column":56}},"3":{"start":{"line":10,"column":8},"end":{"line":10,"column":46}},"4":{"start":{"line":13,"column":8},"end":{"line":13,"column":42}},"5":{"start":{"line":19,"column":4},"end":{"line":22,"column":6}},"6":{"start":{"line":26,"column":4},"end":{"line":29,"column":6}}},"fnMap":{"0":{"name":"saveVideo","decl":{"start":{"line":5,"column":18},"end":{"line":5,"column":27}},"loc":{"start":{"line":5,"column":35},"end":{"line":16,"column":3}},"line":5},"1":{"name":"(anonymous_1)","decl":{"start":{"line":6,"column":11},"end":{"line":6,"column":12}},"loc":{"start":{"line":6,"column":25},"end":{"line":15,"column":5}},"line":6},"2":{"name":"(anonymous_2)","decl":{"start":{"line":8,"column":12},"end":{"line":8,"column":13}},"loc":{"start":{"line":8,"column":24},"end":{"line":11,"column":7}},"line":8},"3":{"name":"(anonymous_3)","decl":{"start":{"line":12,"column":13},"end":{"line":12,"column":14}},"loc":{"start":{"line":12,"column":20},"end":{"line":14,"column":7}},"line":12},"4":{"name":"videoSuccess","decl":{"start":{"line":18,"column":18},"end":{"line":18,"column":30}},"loc":{"start":{"line":18,"column":38},"end":{"line":23,"column":3}},"line":18},"5":{"name":"videoError","decl":{"start":{"line":25,"column":18},"end":{"line":25,"column":28}},"loc":{"start":{"line":25,"column":36},"end":{"line":30,"column":3}},"line":25}},"branchMap":{},"s":{"0":0,"1":0,"2":0,"3":0,"4":0,"5":0,"6":0},"f":{"0":0,"1":0,"2":0,"3":0,"4":0,"5":0},"b":{},"_coverageSchema":"332fd63041d2c1bcb487cc26dd0d5f7d97098a6c","hash":"a03b83b380c9005759fb742b5aec45a52466923c"}
,"/Users/won/src/video-project/video_browser/client/src/modules/createVideo/video_detail.js": {"path":"/Users/won/src/video-project/video_browser/client/src/modules/createVideo/video_detail.js","statementMap":{"0":{"start":{"line":10,"column":4},"end":{"line":10,"column":17}},"1":{"start":{"line":14,"column":16},"end":{"line":14,"column":35}},"2":{"start":{"line":15,"column":22},"end":{"line":15,"column":47}},"3":{"start":{"line":16,"column":14},"end":{"line":16,"column":30}},"4":{"start":{"line":17,"column":16},"end":{"line":17,"column":49}},"5":{"start":{"line":18,"column":22},"end":{"line":18,"column":47}},"6":{"start":{"line":19,"column":22},"end":{"line":25,"column":5}},"7":{"start":{"line":26,"column":4},"end":{"line":26,"column":36}},"8":{"start":{"line":30,"column":4},"end":{"line":46,"column":6}},"9":{"start":{"line":39,"column":121},"end":{"line":39,"column":150}},"10":{"start":{"line":50,"column":18},"end":{"line":50,"column":34}},"11":{"start":{"line":51,"column":4},"end":{"line":53,"column":5}},"12":{"start":{"line":52,"column":6},"end":{"line":52,"column":35}},"13":{"start":{"line":54,"column":20},"end":{"line":54,"column":36}},"14":{"start":{"line":55,"column":16},"end":{"line":55,"column":58}},"15":{"start":{"line":57,"column":6},"end":{"line":59,"column":16}},"16":{"start":{"line":61,"column":4},"end":{"line":63,"column":6}},"17":{"start":{"line":68,"column":2},"end":{"line":70,"column":4}}},"fnMap":{"0":{"name":"(anonymous_0)","decl":{"start":{"line":9,"column":2},"end":{"line":9,"column":3}},"loc":{"start":{"line":9,"column":21},"end":{"line":11,"column":3}},"line":9},"1":{"name":"(anonymous_1)","decl":{"start":{"line":13,"column":2},"end":{"line":13,"column":3}},"loc":{"start":{"line":13,"column":27},"end":{"line":27,"column":3}},"line":13},"2":{"name":"(anonymous_2)","decl":{"start":{"line":29,"column":2},"end":{"line":29,"column":3}},"loc":{"start":{"line":29,"column":53},"end":{"line":47,"column":3}},"line":29},"3":{"name":"(anonymous_3)","decl":{"start":{"line":39,"column":115},"end":{"line":39,"column":116}},"loc":{"start":{"line":39,"column":121},"end":{"line":39,"column":150}},"line":39},"4":{"name":"(anonymous_4)","decl":{"start":{"line":49,"column":2},"end":{"line":49,"column":3}},"loc":{"start":{"line":49,"column":11},"end":{"line":64,"column":3}},"line":49},"5":{"name":"mapStateToProps","decl":{"start":{"line":67,"column":9},"end":{"line":67,"column":24}},"loc":{"start":{"line":67,"column":32},"end":{"line":71,"column":1}},"line":67}},"branchMap":{"0":{"loc":{"start":{"line":51,"column":4},"end":{"line":53,"column":5}},"type":"if","locations":[{"start":{"line":51,"column":4},"end":{"line":53,"column":5}},{"start":{"line":51,"column":4},"end":{"line":53,"column":5}}],"line":51}},"s":{"0":0,"1":0,"2":0,"3":0,"4":0,"5":0,"6":0,"7":0,"8":0,"9":0,"10":0,"11":0,"12":0,"13":0,"14":0,"15":0,"16":0,"17":0},"f":{"0":0,"1":0,"2":0,"3":0,"4":0,"5":0},"b":{"0":[0,0]},"_coverageSchema":"332fd63041d2c1bcb487cc26dd0d5f7d97098a6c","hash":"513c56fb3eb262cdfde6a28213978fb5adb27aa4"}
,"/Users/won/src/video-project/video_browser/client/src/utils/variables.client.js": {"path":"/Users/won/src/video-project/video_browser/client/src/utils/variables.client.js","statementMap":{"0":{"start":{"line":1,"column":0},"end":{"line":6,"column":1}}},"fnMap":{},"branchMap":{},"s":{"0":2},"f":{},"b":{},"_coverageSchema":"332fd63041d2c1bcb487cc26dd0d5f7d97098a6c","hash":"e4a2859c7cfee70bc8b764379a93d483c16b06a2"}
}
